<?xml version="1.0" encoding="UTF-8"?>
<testng-results ignored="0" total="1" passed="1" failed="0" skipped="0">
  <reporter-output>
  </reporter-output>
  <suite started-at="2022-02-22T12:55:44 IST" name="Default suite" finished-at="2022-02-22T12:55:47 IST" duration-ms="2778">
    <groups>
    </groups>
    <test started-at="2022-02-22T12:55:44 IST" name="Default test" finished-at="2022-02-22T12:55:47 IST" duration-ms="2778">
      <class name="com.facebook.tests.LoginTest">
        <test-method signature="doLoginTest()[pri:0, instance:com.facebook.tests.LoginTest@5d0a1059]" started-at="2022-02-22T12:55:44 IST" name="doLoginTest" finished-at="2022-02-22T12:55:47 IST" duration-ms="2735" status="PASS">
          <reporter-output>
          </reporter-output>
        </test-method> <!-- doLoginTest -->
      </class> <!-- com.facebook.tests.LoginTest -->
    </test> <!-- Default test -->
  </suite> <!-- Default suite -->
</testng-results>
