<?xml version="1.0" encoding="UTF-8"?>
<!-- Generated by org.testng.reporters.JUnitXMLReporter -->
<testsuite ignored="2" hostname="AMY-HP360" failures="1" tests="23" name="Test" time="0.091" errors="0" timestamp="2022-01-20T16:11:07 IST">
  <testcase classname="testProjectPackage.TestNG4" name="b" time="0.005"/>
  <testcase classname="testProjectPackage.TestNG6" name="a" time="0.005"/>
  <testcase classname="testProjectPackage.TestNG1" name="a1" time="0.007"/>
  <testcase classname="testProjectPackage.TestNG3" name="a1" time="0.009"/>
  <testcase classname="testProjectPackage.TestNG2" name="assertionCheck" time="0.01"/>
  <testcase classname="testProjectPackage.TestNG1" name="a2" time="0.001"/>
  <testcase classname="testProjectPackage.TestNG4" name="a" time="0.004"/>
  <testcase classname="testProjectPackage.TestNG6" name="c" time="0.006"/>
  <testcase classname="testProjectPackage.TestNG7" name="z" time="0.001">
    <failure type="java.lang.AssertionError" message="expected [true] but found [false]">
      <![CDATA[java.lang.AssertionError: expected [true] but found [false]
at testProjectPackage.TestNG7.z(TestNG7.java:10)
at java.base/java.util.concurrent.ThreadPoolExecutor.runWorker(ThreadPoolExecutor.java:1130)
at java.base/java.util.concurrent.ThreadPoolExecutor$Worker.run(ThreadPoolExecutor.java:630)
at java.base/java.lang.Thread.run(Thread.java:831)
... Removed 16 stack frames]]>
    </failure>
  </testcase> <!-- z -->
  <testcase classname="testProjectPackage.TestNG3" name="a3" time="0.005"/>
  <testcase classname="testProjectPackage.TestNG5" name="c" time="0.006"/>
  <testcase classname="testProjectPackage.TestNG4" name="a3" time="0.003"/>
  <testcase classname="testProjectPackage.TestNG3" name="b" time="0.01"/>
  <testcase classname="testProjectPackage.TestNG4" name="e" time="0.003"/>
  <testcase classname="testProjectPackage.TestNG7" name="b" time="0.0">
    <skipped/>
  </testcase> <!-- b -->
  <testcase classname="testProjectPackage.TestNG6" name="c" time="0.007"/>
  <testcase classname="testProjectPackage.TestNG3" name="z" time="0.006"/>
  <testcase classname="testProjectPackage.TestNG5" name="c" time="0.006"/>
  <testcase classname="testProjectPackage.TestNG4" name="s" time="0.003"/>
  <testcase classname="testProjectPackage.TestNG4" name="z" time="0.001"/>
  <testcase classname="testProjectPackage.TestNG5" name="e" time="0.001">
    <skipped/>
  </testcase> <!-- e -->
  <testcase classname="testProjectPackage.TestNG4" name="f" time="0.001"/>
  <testcase classname="testProjectPackage.TestNG4" name="d" time="0.001"/>
  <testcase classname="testProjectPackage.TestNG6" name="b" time="0.0">
    <ignored/>
  </testcase> <!-- b -->
  <testcase classname="testProjectPackage.TestNG5" name="b" time="0.0">
    <ignored/>
  </testcase> <!-- b -->
</testsuite> <!-- Test -->
